2024-11-16 05:59:32,260 [INFO] Watching for file changes with StatReloader
2024-11-16 05:59:34,433 [INFO] /Users/takaonishii/overview/Kyosuke2/kita_lunch/config/settings.py changed, reloading.
2024-11-16 05:59:34,647 [INFO] Watching for file changes with StatReloader
2024-11-16 06:01:56,180 [INFO] /Users/takaonishii/overview/Kyosuke2/kita_lunch/app/views.py changed, reloading.
2024-11-16 06:01:56,497 [INFO] Watching for file changes with StatReloader
2024-11-16 06:02:19,177 [INFO] /Users/takaonishii/overview/Kyosuke2/kita_lunch/config/urls.py changed, reloading.
2024-11-16 06:02:19,474 [INFO] Watching for file changes with StatReloader
2024-11-16 06:07:51,471 [INFO] "GET / HTTP/1.1" 200 2442
2024-11-16 06:07:55,646 [INFO] "GET /logout/ HTTP/1.1" 302 0
2024-11-16 06:07:55,651 [INFO] "GET / HTTP/1.1" 200 2472
2024-11-16 06:07:57,491 [ERROR] Internal Server Error: /login/
Traceback (most recent call last):
  File "/Users/takaonishii/miniforge3/envs/tennisle/lib/python3.9/site-packages/django/template/defaulttags.py", line 1026, in find_library
    return parser.libraries[name]
KeyError: 'bootstrap'

During handling of the above exception, another exception occurred:

Traceback (most recent call last):
  File "/Users/takaonishii/miniforge3/envs/tennisle/lib/python3.9/site-packages/django/core/handlers/exception.py", line 55, in inner
    response = get_response(request)
  File "/Users/takaonishii/miniforge3/envs/tennisle/lib/python3.9/site-packages/django/core/handlers/base.py", line 220, in _get_response
    response = response.render()
  File "/Users/takaonishii/miniforge3/envs/tennisle/lib/python3.9/site-packages/django/template/response.py", line 114, in render
    self.content = self.rendered_content
  File "/Users/takaonishii/miniforge3/envs/tennisle/lib/python3.9/site-packages/django/template/response.py", line 90, in rendered_content
    template = self.resolve_template(self.template_name)
  File "/Users/takaonishii/miniforge3/envs/tennisle/lib/python3.9/site-packages/django/template/response.py", line 72, in resolve_template
    return select_template(template, using=self.using)
  File "/Users/takaonishii/miniforge3/envs/tennisle/lib/python3.9/site-packages/django/template/loader.py", line 42, in select_template
    return engine.get_template(template_name)
  File "/Users/takaonishii/miniforge3/envs/tennisle/lib/python3.9/site-packages/django/template/backends/django.py", line 33, in get_template
    return Template(self.engine.get_template(template_name), self)
  File "/Users/takaonishii/miniforge3/envs/tennisle/lib/python3.9/site-packages/django/template/engine.py", line 175, in get_template
    template, origin = self.find_template(template_name)
  File "/Users/takaonishii/miniforge3/envs/tennisle/lib/python3.9/site-packages/django/template/engine.py", line 157, in find_template
    template = loader.get_template(name, skip=skip)
  File "/Users/takaonishii/miniforge3/envs/tennisle/lib/python3.9/site-packages/django/template/loaders/cached.py", line 57, in get_template
    template = super().get_template(template_name, skip)
  File "/Users/takaonishii/miniforge3/envs/tennisle/lib/python3.9/site-packages/django/template/loaders/base.py", line 28, in get_template
    return Template(
  File "/Users/takaonishii/miniforge3/envs/tennisle/lib/python3.9/site-packages/django/template/base.py", line 154, in __init__
    self.nodelist = self.compile_nodelist()
  File "/Users/takaonishii/miniforge3/envs/tennisle/lib/python3.9/site-packages/django/template/base.py", line 200, in compile_nodelist
    return parser.parse()
  File "/Users/takaonishii/miniforge3/envs/tennisle/lib/python3.9/site-packages/django/template/base.py", line 513, in parse
    raise self.error(token, e)
  File "/Users/takaonishii/miniforge3/envs/tennisle/lib/python3.9/site-packages/django/template/base.py", line 511, in parse
    compiled_result = compile_func(self, token)
  File "/Users/takaonishii/miniforge3/envs/tennisle/lib/python3.9/site-packages/django/template/loader_tags.py", line 293, in do_extends
    nodelist = parser.parse()
  File "/Users/takaonishii/miniforge3/envs/tennisle/lib/python3.9/site-packages/django/template/base.py", line 513, in parse
    raise self.error(token, e)
  File "/Users/takaonishii/miniforge3/envs/tennisle/lib/python3.9/site-packages/django/template/base.py", line 511, in parse
    compiled_result = compile_func(self, token)
  File "/Users/takaonishii/miniforge3/envs/tennisle/lib/python3.9/site-packages/django/template/defaulttags.py", line 1088, in load
    lib = find_library(parser, name)
  File "/Users/takaonishii/miniforge3/envs/tennisle/lib/python3.9/site-packages/django/template/defaulttags.py", line 1028, in find_library
    raise TemplateSyntaxError(
django.template.exceptions.TemplateSyntaxError: 'bootstrap' is not a registered tag library. Must be one of:
account
admin_list
admin_modify
admin_urls
allauth
cache
i18n
l10n
log
socialaccount
static
tz
2024-11-16 06:07:57,492 [ERROR] "GET /login/ HTTP/1.1" 500 159012
2024-11-16 06:08:35,203 [ERROR] Internal Server Error: /login/
Traceback (most recent call last):
  File "/Users/takaonishii/miniforge3/envs/tennisle/lib/python3.9/site-packages/django/template/defaulttags.py", line 1026, in find_library
    return parser.libraries[name]
KeyError: 'bootstrap'

During handling of the above exception, another exception occurred:

Traceback (most recent call last):
  File "/Users/takaonishii/miniforge3/envs/tennisle/lib/python3.9/site-packages/django/core/handlers/exception.py", line 55, in inner
    response = get_response(request)
  File "/Users/takaonishii/miniforge3/envs/tennisle/lib/python3.9/site-packages/django/core/handlers/base.py", line 220, in _get_response
    response = response.render()
  File "/Users/takaonishii/miniforge3/envs/tennisle/lib/python3.9/site-packages/django/template/response.py", line 114, in render
    self.content = self.rendered_content
  File "/Users/takaonishii/miniforge3/envs/tennisle/lib/python3.9/site-packages/django/template/response.py", line 90, in rendered_content
    template = self.resolve_template(self.template_name)
  File "/Users/takaonishii/miniforge3/envs/tennisle/lib/python3.9/site-packages/django/template/response.py", line 72, in resolve_template
    return select_template(template, using=self.using)
  File "/Users/takaonishii/miniforge3/envs/tennisle/lib/python3.9/site-packages/django/template/loader.py", line 42, in select_template
    return engine.get_template(template_name)
  File "/Users/takaonishii/miniforge3/envs/tennisle/lib/python3.9/site-packages/django/template/backends/django.py", line 33, in get_template
    return Template(self.engine.get_template(template_name), self)
  File "/Users/takaonishii/miniforge3/envs/tennisle/lib/python3.9/site-packages/django/template/engine.py", line 175, in get_template
    template, origin = self.find_template(template_name)
  File "/Users/takaonishii/miniforge3/envs/tennisle/lib/python3.9/site-packages/django/template/engine.py", line 157, in find_template
    template = loader.get_template(name, skip=skip)
  File "/Users/takaonishii/miniforge3/envs/tennisle/lib/python3.9/site-packages/django/template/loaders/cached.py", line 57, in get_template
    template = super().get_template(template_name, skip)
  File "/Users/takaonishii/miniforge3/envs/tennisle/lib/python3.9/site-packages/django/template/loaders/base.py", line 28, in get_template
    return Template(
  File "/Users/takaonishii/miniforge3/envs/tennisle/lib/python3.9/site-packages/django/template/base.py", line 154, in __init__
    self.nodelist = self.compile_nodelist()
  File "/Users/takaonishii/miniforge3/envs/tennisle/lib/python3.9/site-packages/django/template/base.py", line 200, in compile_nodelist
    return parser.parse()
  File "/Users/takaonishii/miniforge3/envs/tennisle/lib/python3.9/site-packages/django/template/base.py", line 513, in parse
    raise self.error(token, e)
  File "/Users/takaonishii/miniforge3/envs/tennisle/lib/python3.9/site-packages/django/template/base.py", line 511, in parse
    compiled_result = compile_func(self, token)
  File "/Users/takaonishii/miniforge3/envs/tennisle/lib/python3.9/site-packages/django/template/loader_tags.py", line 293, in do_extends
    nodelist = parser.parse()
  File "/Users/takaonishii/miniforge3/envs/tennisle/lib/python3.9/site-packages/django/template/base.py", line 513, in parse
    raise self.error(token, e)
  File "/Users/takaonishii/miniforge3/envs/tennisle/lib/python3.9/site-packages/django/template/base.py", line 511, in parse
    compiled_result = compile_func(self, token)
  File "/Users/takaonishii/miniforge3/envs/tennisle/lib/python3.9/site-packages/django/template/defaulttags.py", line 1088, in load
    lib = find_library(parser, name)
  File "/Users/takaonishii/miniforge3/envs/tennisle/lib/python3.9/site-packages/django/template/defaulttags.py", line 1028, in find_library
    raise TemplateSyntaxError(
django.template.exceptions.TemplateSyntaxError: 'bootstrap' is not a registered tag library. Must be one of:
account
admin_list
admin_modify
admin_urls
allauth
cache
i18n
l10n
log
socialaccount
static
tz
2024-11-16 06:08:35,205 [ERROR] "GET /login/ HTTP/1.1" 500 159079
2024-11-16 06:08:42,603 [ERROR] Internal Server Error: /login/
Traceback (most recent call last):
  File "/Users/takaonishii/miniforge3/envs/tennisle/lib/python3.9/site-packages/django/template/defaulttags.py", line 1026, in find_library
    return parser.libraries[name]
KeyError: 'bootstrap'

During handling of the above exception, another exception occurred:

Traceback (most recent call last):
  File "/Users/takaonishii/miniforge3/envs/tennisle/lib/python3.9/site-packages/django/core/handlers/exception.py", line 55, in inner
    response = get_response(request)
  File "/Users/takaonishii/miniforge3/envs/tennisle/lib/python3.9/site-packages/django/core/handlers/base.py", line 220, in _get_response
    response = response.render()
  File "/Users/takaonishii/miniforge3/envs/tennisle/lib/python3.9/site-packages/django/template/response.py", line 114, in render
    self.content = self.rendered_content
  File "/Users/takaonishii/miniforge3/envs/tennisle/lib/python3.9/site-packages/django/template/response.py", line 90, in rendered_content
    template = self.resolve_template(self.template_name)
  File "/Users/takaonishii/miniforge3/envs/tennisle/lib/python3.9/site-packages/django/template/response.py", line 72, in resolve_template
    return select_template(template, using=self.using)
  File "/Users/takaonishii/miniforge3/envs/tennisle/lib/python3.9/site-packages/django/template/loader.py", line 42, in select_template
    return engine.get_template(template_name)
  File "/Users/takaonishii/miniforge3/envs/tennisle/lib/python3.9/site-packages/django/template/backends/django.py", line 33, in get_template
    return Template(self.engine.get_template(template_name), self)
  File "/Users/takaonishii/miniforge3/envs/tennisle/lib/python3.9/site-packages/django/template/engine.py", line 175, in get_template
    template, origin = self.find_template(template_name)
  File "/Users/takaonishii/miniforge3/envs/tennisle/lib/python3.9/site-packages/django/template/engine.py", line 157, in find_template
    template = loader.get_template(name, skip=skip)
  File "/Users/takaonishii/miniforge3/envs/tennisle/lib/python3.9/site-packages/django/template/loaders/cached.py", line 57, in get_template
    template = super().get_template(template_name, skip)
  File "/Users/takaonishii/miniforge3/envs/tennisle/lib/python3.9/site-packages/django/template/loaders/base.py", line 28, in get_template
    return Template(
  File "/Users/takaonishii/miniforge3/envs/tennisle/lib/python3.9/site-packages/django/template/base.py", line 154, in __init__
    self.nodelist = self.compile_nodelist()
  File "/Users/takaonishii/miniforge3/envs/tennisle/lib/python3.9/site-packages/django/template/base.py", line 200, in compile_nodelist
    return parser.parse()
  File "/Users/takaonishii/miniforge3/envs/tennisle/lib/python3.9/site-packages/django/template/base.py", line 513, in parse
    raise self.error(token, e)
  File "/Users/takaonishii/miniforge3/envs/tennisle/lib/python3.9/site-packages/django/template/base.py", line 511, in parse
    compiled_result = compile_func(self, token)
  File "/Users/takaonishii/miniforge3/envs/tennisle/lib/python3.9/site-packages/django/template/loader_tags.py", line 293, in do_extends
    nodelist = parser.parse()
  File "/Users/takaonishii/miniforge3/envs/tennisle/lib/python3.9/site-packages/django/template/base.py", line 513, in parse
    raise self.error(token, e)
  File "/Users/takaonishii/miniforge3/envs/tennisle/lib/python3.9/site-packages/django/template/base.py", line 511, in parse
    compiled_result = compile_func(self, token)
  File "/Users/takaonishii/miniforge3/envs/tennisle/lib/python3.9/site-packages/django/template/defaulttags.py", line 1088, in load
    lib = find_library(parser, name)
  File "/Users/takaonishii/miniforge3/envs/tennisle/lib/python3.9/site-packages/django/template/defaulttags.py", line 1028, in find_library
    raise TemplateSyntaxError(
django.template.exceptions.TemplateSyntaxError: 'bootstrap' is not a registered tag library. Must be one of:
account
admin_list
admin_modify
admin_urls
allauth
cache
i18n
l10n
log
socialaccount
static
tz
2024-11-16 06:08:42,604 [ERROR] "GET /login/ HTTP/1.1" 500 159079
2024-11-16 06:08:52,681 [INFO] "GET /login/ HTTP/1.1" 200 2365
2024-11-16 06:09:02,947 [INFO] "POST /login/ HTTP/1.1" 302 0
2024-11-16 06:09:02,954 [INFO] "GET /Stores/ HTTP/1.1" 200 2234
2024-11-16 06:09:28,515 [INFO] "GET / HTTP/1.1" 200 2442
2024-11-16 06:12:03,749 [INFO] "GET / HTTP/1.1" 200 2502
2024-11-16 06:12:05,872 [INFO] "GET / HTTP/1.1" 200 2502
2024-11-16 06:12:06,372 [INFO] "GET / HTTP/1.1" 200 2502
2024-11-16 06:13:06,936 [INFO] "GET / HTTP/1.1" 200 2541
2024-11-16 06:13:08,525 [INFO] "GET / HTTP/1.1" 200 2541
2024-11-16 06:13:09,343 [INFO] "GET /logout/ HTTP/1.1" 302 0
2024-11-16 06:13:09,348 [INFO] "GET / HTTP/1.1" 200 2532
2024-11-16 06:13:10,114 [INFO] "GET /login/ HTTP/1.1" 200 2425
2024-11-16 06:13:14,248 [INFO] "POST /login/ HTTP/1.1" 302 0
2024-11-16 06:13:14,254 [INFO] "GET /Stores/ HTTP/1.1" 200 2333
2024-11-16 06:14:13,856 [INFO] "GET /Stores/ HTTP/1.1" 200 2370
2024-11-16 06:14:16,794 [INFO] "GET /Stores/ HTTP/1.1" 200 2370
2024-11-16 06:14:32,992 [INFO] "GET /logout/ HTTP/1.1" 302 0
2024-11-16 06:14:32,998 [INFO] "GET / HTTP/1.1" 200 2532
2024-11-16 06:14:36,408 [INFO] "GET /login/ HTTP/1.1" 200 2425
2024-11-16 06:14:42,283 [INFO] "POST /login/ HTTP/1.1" 302 0
2024-11-16 06:14:42,292 [INFO] "GET /Stores/ HTTP/1.1" 200 2370
2024-11-16 06:14:47,120 [WARNING] Not Found: /store//1/
2024-11-16 06:14:47,120 [WARNING] "GET /store//1/ HTTP/1.1" 404 5081
2024-11-16 06:14:57,358 [INFO] "GET / HTTP/1.1" 200 2578
2024-11-16 06:14:59,008 [INFO] "GET /area/1/ HTTP/1.1" 200 2377
2024-11-16 06:15:08,170 [INFO] "GET /store/1/1/ HTTP/1.1" 200 2062
2024-11-16 06:15:09,884 [INFO] "GET /area/1/ HTTP/1.1" 200 2377
2024-11-16 06:15:11,126 [INFO] "GET / HTTP/1.1" 200 2578
2024-11-16 06:15:13,435 [INFO] "GET /area/2/ HTTP/1.1" 200 2032
2024-11-16 06:15:14,951 [INFO] "GET / HTTP/1.1" 200 2578
2024-11-16 06:15:15,776 [INFO] "GET /area/1/ HTTP/1.1" 200 2377
2024-11-16 06:15:24,456 [INFO] "GET /store/1/1/ HTTP/1.1" 200 2062
2024-11-16 06:15:40,845 [INFO] "GET /area/1/ HTTP/1.1" 200 2377
2024-11-16 06:16:12,556 [INFO] "GET /logout/ HTTP/1.1" 302 0
2024-11-16 06:16:12,560 [INFO] "GET / HTTP/1.1" 200 2532
2024-11-16 06:16:14,001 [INFO] "GET /login/ HTTP/1.1" 200 2425
2024-11-16 06:16:20,980 [INFO] "POST /login/ HTTP/1.1" 302 0
2024-11-16 06:16:20,986 [INFO] "GET /Stores/ HTTP/1.1" 200 2370
2024-11-16 06:16:56,317 [INFO] /Users/takaonishii/overview/Kyosuke2/kita_lunch/config/settings.py changed, reloading.
2024-11-16 06:16:56,673 [INFO] Watching for file changes with StatReloader
2024-11-16 06:16:58,981 [INFO] "GET / HTTP/1.1" 200 2578
2024-11-16 06:17:00,135 [INFO] "GET /logout/ HTTP/1.1" 302 0
2024-11-16 06:17:00,141 [INFO] "GET / HTTP/1.1" 200 2532
2024-11-16 06:17:01,395 [INFO] "GET /login/ HTTP/1.1" 200 2425
2024-11-16 06:17:07,468 [INFO] "POST /login/ HTTP/1.1" 302 0
2024-11-16 06:17:07,473 [INFO] "GET / HTTP/1.1" 200 2578
2024-11-16 06:17:58,046 [INFO] "GET /area/1/ HTTP/1.1" 200 2377
2024-11-16 06:18:42,020 [INFO] "GET /admin/ HTTP/1.1" 200 10430
2024-11-16 06:18:42,034 [INFO] "GET /static/admin/css/nav_sidebar.css HTTP/1.1" 304 0
2024-11-16 06:18:42,035 [INFO] "GET /static/admin/css/dark_mode.css HTTP/1.1" 304 0
2024-11-16 06:18:42,035 [INFO] "GET /static/admin/css/base.css HTTP/1.1" 304 0
2024-11-16 06:18:42,103 [INFO] "GET /static/admin/css/dashboard.css HTTP/1.1" 304 0
2024-11-16 06:18:42,105 [INFO] "GET /static/admin/js/theme.js HTTP/1.1" 304 0
2024-11-16 06:18:42,105 [INFO] "GET /static/admin/css/responsive.css HTTP/1.1" 304 0
2024-11-16 06:18:42,108 [INFO] "GET /static/admin/js/nav_sidebar.js HTTP/1.1" 304 0
2024-11-16 06:18:42,113 [INFO] "GET /static/admin/img/icon-changelink.svg HTTP/1.1" 304 0
2024-11-16 06:18:42,113 [INFO] "GET /static/admin/img/icon-addlink.svg HTTP/1.1" 304 0
2024-11-16 06:18:47,089 [INFO] "GET /admin/ HTTP/1.1" 200 10430
2024-11-16 06:20:36,923 [INFO] /Users/takaonishii/overview/Kyosuke2/kita_lunch/app/models.py changed, reloading.
2024-11-16 06:20:37,283 [INFO] Watching for file changes with StatReloader
2024-11-16 06:22:53,254 [INFO] Watching for file changes with StatReloader
2024-11-16 06:23:00,277 [INFO] "GET /admin/ HTTP/1.1" 200 11258
2024-11-16 06:23:04,739 [INFO] "GET /admin/app/tag/ HTTP/1.1" 200 10441
2024-11-16 06:23:04,772 [INFO] "GET /static/admin/js/actions.js HTTP/1.1" 304 0
2024-11-16 06:23:04,774 [INFO] "GET /static/admin/js/urlify.js HTTP/1.1" 304 0
2024-11-16 06:23:04,779 [INFO] "GET /static/admin/js/core.js HTTP/1.1" 304 0
2024-11-16 06:23:04,779 [INFO] "GET /static/admin/css/changelists.css HTTP/1.1" 304 0
2024-11-16 06:23:04,780 [INFO] "GET /static/admin/js/prepopulate.js HTTP/1.1" 304 0
2024-11-16 06:23:04,780 [INFO] "GET /static/admin/js/jquery.init.js HTTP/1.1" 304 0
2024-11-16 06:23:04,783 [INFO] "GET /static/admin/js/admin/RelatedObjectLookups.js HTTP/1.1" 304 0
2024-11-16 06:23:04,788 [INFO] "GET /admin/jsi18n/ HTTP/1.1" 200 9739
2024-11-16 06:23:04,794 [INFO] "GET /static/admin/js/filters.js HTTP/1.1" 304 0
2024-11-16 06:23:04,803 [INFO] "GET /static/admin/img/tooltag-add.svg HTTP/1.1" 304 0
2024-11-16 06:23:06,547 [INFO] "GET /admin/app/tag/add/ HTTP/1.1" 200 11235
2024-11-16 06:23:06,574 [INFO] "GET /admin/jsi18n/ HTTP/1.1" 200 9739
2024-11-16 06:23:15,838 [INFO] "POST /admin/app/tag/add/ HTTP/1.1" 302 0
2024-11-16 06:23:15,862 [INFO] "GET /admin/app/tag/ HTTP/1.1" 200 11855
2024-11-16 06:23:15,899 [INFO] "GET /admin/jsi18n/ HTTP/1.1" 200 9739
2024-11-16 06:23:20,400 [INFO] "GET /admin/app/tag/add/ HTTP/1.1" 200 11235
2024-11-16 06:23:20,425 [INFO] "GET /admin/jsi18n/ HTTP/1.1" 200 9739
2024-11-16 06:23:24,738 [INFO] "POST /admin/app/tag/add/ HTTP/1.1" 302 0
2024-11-16 06:23:24,759 [INFO] "GET /admin/app/tag/add/ HTTP/1.1" 200 11495
2024-11-16 06:23:24,795 [INFO] "GET /admin/jsi18n/ HTTP/1.1" 200 9739
2024-11-16 06:23:29,011 [INFO] "POST /admin/app/tag/add/ HTTP/1.1" 302 0
2024-11-16 06:23:29,028 [INFO] "GET /admin/app/tag/add/ HTTP/1.1" 200 11477
2024-11-16 06:23:29,056 [INFO] "GET /admin/jsi18n/ HTTP/1.1" 200 9739
2024-11-16 06:23:33,685 [INFO] "POST /admin/app/tag/add/ HTTP/1.1" 302 0
2024-11-16 06:23:33,694 [INFO] "GET /admin/app/tag/add/ HTTP/1.1" 200 11486
2024-11-16 06:23:33,712 [INFO] "GET /admin/jsi18n/ HTTP/1.1" 200 9739
2024-11-16 06:23:37,142 [INFO] "POST /admin/app/tag/add/ HTTP/1.1" 302 0
2024-11-16 06:23:37,154 [INFO] "GET /admin/app/tag/add/ HTTP/1.1" 200 11489
2024-11-16 06:23:37,195 [INFO] "GET /admin/jsi18n/ HTTP/1.1" 200 9739
2024-11-16 06:23:39,550 [INFO] "GET /admin/app/tag/ HTTP/1.1" 200 12502
2024-11-16 06:23:39,579 [INFO] "GET /admin/jsi18n/ HTTP/1.1" 200 9739
2024-11-16 06:23:42,513 [INFO] "GET /admin/app/storetag/ HTTP/1.1" 200 10481
2024-11-16 06:23:42,528 [INFO] "GET /admin/jsi18n/ HTTP/1.1" 200 9739
2024-11-16 06:23:44,016 [INFO] "GET /admin/app/storetag/add/ HTTP/1.1" 200 14083
2024-11-16 06:23:44,040 [INFO] "GET /admin/jsi18n/ HTTP/1.1" 200 9739
2024-11-16 06:23:49,001 [INFO] "POST /admin/app/storetag/add/ HTTP/1.1" 302 0
2024-11-16 06:23:49,018 [INFO] "GET /admin/app/storetag/ HTTP/1.1" 200 11937
2024-11-16 06:23:49,040 [INFO] "GET /admin/jsi18n/ HTTP/1.1" 200 9739
2024-11-16 06:23:52,768 [INFO] "GET /admin/app/storetag/add/ HTTP/1.1" 200 14083
2024-11-16 06:23:52,790 [INFO] "GET /admin/jsi18n/ HTTP/1.1" 200 9739
2024-11-16 06:24:00,247 [INFO] "POST /admin/app/storetag/add/ HTTP/1.1" 302 0
2024-11-16 06:24:00,287 [INFO] "GET /admin/app/storetag/ HTTP/1.1" 200 12140
2024-11-16 06:24:00,316 [INFO] "GET /admin/jsi18n/ HTTP/1.1" 200 9739
2024-11-16 06:24:05,223 [INFO] "GET /admin/app/tag/ HTTP/1.1" 200 12502
2024-11-16 06:24:05,247 [INFO] "GET /admin/jsi18n/ HTTP/1.1" 200 9739
2024-11-16 06:25:34,540 [INFO] /Users/takaonishii/overview/Kyosuke2/kita_lunch/app/views.py changed, reloading.
2024-11-16 06:25:34,948 [INFO] Watching for file changes with StatReloader
2024-11-16 06:26:38,610 [INFO] "GET /admin/app/areastore/ HTTP/1.1" 200 11902
2024-11-16 06:26:44,908 [INFO] "GET /area/1/ HTTP/1.1" 200 2331
2024-11-16 06:26:46,142 [ERROR] Internal Server Error: /store/1/1/
Traceback (most recent call last):
  File "/Users/takaonishii/miniforge3/envs/tennisle/lib/python3.9/site-packages/django/core/handlers/exception.py", line 55, in inner
    response = get_response(request)
  File "/Users/takaonishii/miniforge3/envs/tennisle/lib/python3.9/site-packages/django/core/handlers/base.py", line 197, in _get_response
    response = wrapped_callback(request, *callback_args, **callback_kwargs)
  File "/Users/takaonishii/overview/Kyosuke2/kita_lunch/app/views.py", line 59, in store_detail
    store_tag = StoreTag.objects.filter(store_id=store_id)
NameError: name 'StoreTag' is not defined
2024-11-16 06:26:46,143 [ERROR] "GET /store/1/1/ HTTP/1.1" 500 68006
2024-11-16 06:27:05,360 [INFO] /Users/takaonishii/overview/Kyosuke2/kita_lunch/app/views.py changed, reloading.
2024-11-16 06:27:05,718 [INFO] Watching for file changes with StatReloader
2024-11-16 06:27:06,908 [INFO] "GET /store/1/1/ HTTP/1.1" 200 2125
2024-11-16 06:27:18,728 [INFO] "GET /admin/app/storetag/ HTTP/1.1" 200 11930
2024-11-16 06:27:18,756 [INFO] "GET /admin/jsi18n/ HTTP/1.1" 200 9739
2024-11-16 06:27:24,580 [INFO] "GET /admin/app/storetag/add/ HTTP/1.1" 200 14083
2024-11-16 06:27:24,601 [INFO] "GET /admin/jsi18n/ HTTP/1.1" 200 9739
2024-11-16 06:27:29,399 [INFO] "POST /admin/app/storetag/add/ HTTP/1.1" 302 0
2024-11-16 06:27:29,422 [INFO] "GET /admin/app/storetag/ HTTP/1.1" 200 12379
2024-11-16 06:27:29,443 [INFO] "GET /admin/jsi18n/ HTTP/1.1" 200 9739
2024-11-16 06:27:52,607 [INFO] "GET /store/1/1/ HTTP/1.1" 200 2021
2024-11-16 06:28:21,881 [INFO] /Users/takaonishii/overview/Kyosuke2/kita_lunch/app/views.py changed, reloading.
2024-11-16 06:28:22,235 [INFO] Watching for file changes with StatReloader
2024-11-16 06:28:24,528 [INFO] "GET /store/1/1/ HTTP/1.1" 200 2177
2024-11-16 06:28:59,182 [INFO] /Users/takaonishii/overview/Kyosuke2/kita_lunch/app/views.py changed, reloading.
2024-11-16 06:28:59,462 [INFO] Watching for file changes with StatReloader
2024-11-16 06:29:03,663 [INFO] "GET /store/1/1/ HTTP/1.1" 200 2177
2024-11-16 06:29:39,697 [INFO] /Users/takaonishii/overview/Kyosuke2/kita_lunch/app/views.py changed, reloading.
2024-11-16 06:29:39,963 [INFO] Watching for file changes with StatReloader
2024-11-16 06:29:42,930 [INFO] "GET /store/1/1/ HTTP/1.1" 200 2177
2024-11-16 06:30:22,538 [INFO] "GET /store/1/1/ HTTP/1.1" 200 2228
2024-11-16 06:30:41,693 [INFO] "GET /store/1/1/ HTTP/1.1" 200 2277
2024-11-16 06:30:52,174 [INFO] "GET /store/1/1/ HTTP/1.1" 200 2277
2024-11-16 06:31:20,008 [INFO] "GET /store/1/1/ HTTP/1.1" 200 2290
2024-11-16 06:31:40,464 [INFO] "GET /area/1/ HTTP/1.1" 200 2331
2024-11-16 06:31:46,529 [INFO] "GET /store/1/1/ HTTP/1.1" 200 2290
2024-11-16 06:31:48,962 [INFO] "GET /area/1/ HTTP/1.1" 200 2331
2024-11-16 06:31:52,940 [INFO] "GET / HTTP/1.1" 200 2532
2024-11-16 06:32:04,578 [INFO] "GET /area/1/ HTTP/1.1" 200 2331
2024-11-16 06:32:14,749 [INFO] "GET / HTTP/1.1" 200 2532
2024-11-16 06:32:17,758 [INFO] "GET /area/1/ HTTP/1.1" 200 2331
2024-11-16 06:33:20,868 [INFO] /Users/takaonishii/overview/Kyosuke2/kita_lunch/app/views.py changed, reloading.
2024-11-16 06:33:21,195 [INFO] Watching for file changes with StatReloader
2024-11-16 06:34:09,778 [ERROR] Internal Server Error: /area/1/
Traceback (most recent call last):
  File "/Users/takaonishii/miniforge3/envs/tennisle/lib/python3.9/site-packages/django/core/handlers/exception.py", line 55, in inner
    response = get_response(request)
  File "/Users/takaonishii/miniforge3/envs/tennisle/lib/python3.9/site-packages/django/core/handlers/base.py", line 197, in _get_response
    response = wrapped_callback(request, *callback_args, **callback_kwargs)
  File "/Users/takaonishii/overview/Kyosuke2/kita_lunch/app/views.py", line 55, in area_store_list
    return render(request, "app/store_list.html", context)
  File "/Users/takaonishii/miniforge3/envs/tennisle/lib/python3.9/site-packages/django/shortcuts.py", line 24, in render
    content = loader.render_to_string(template_name, context, request, using=using)
  File "/Users/takaonishii/miniforge3/envs/tennisle/lib/python3.9/site-packages/django/template/loader.py", line 62, in render_to_string
    return template.render(context, request)
  File "/Users/takaonishii/miniforge3/envs/tennisle/lib/python3.9/site-packages/django/template/backends/django.py", line 61, in render
    return self.template.render(context)
  File "/Users/takaonishii/miniforge3/envs/tennisle/lib/python3.9/site-packages/django/template/base.py", line 175, in render
    return self._render(context)
  File "/Users/takaonishii/miniforge3/envs/tennisle/lib/python3.9/site-packages/django/template/base.py", line 167, in _render
    return self.nodelist.render(context)
  File "/Users/takaonishii/miniforge3/envs/tennisle/lib/python3.9/site-packages/django/template/base.py", line 1005, in render
    return SafeString("".join([node.render_annotated(context) for node in self]))
  File "/Users/takaonishii/miniforge3/envs/tennisle/lib/python3.9/site-packages/django/template/base.py", line 1005, in <listcomp>
    return SafeString("".join([node.render_annotated(context) for node in self]))
  File "/Users/takaonishii/miniforge3/envs/tennisle/lib/python3.9/site-packages/django/template/base.py", line 966, in render_annotated
    return self.render(context)
  File "/Users/takaonishii/miniforge3/envs/tennisle/lib/python3.9/site-packages/django/template/loader_tags.py", line 157, in render
    return compiled_parent._render(context)
  File "/Users/takaonishii/miniforge3/envs/tennisle/lib/python3.9/site-packages/django/template/base.py", line 167, in _render
    return self.nodelist.render(context)
  File "/Users/takaonishii/miniforge3/envs/tennisle/lib/python3.9/site-packages/django/template/base.py", line 1005, in render
    return SafeString("".join([node.render_annotated(context) for node in self]))
  File "/Users/takaonishii/miniforge3/envs/tennisle/lib/python3.9/site-packages/django/template/base.py", line 1005, in <listcomp>
    return SafeString("".join([node.render_annotated(context) for node in self]))
  File "/Users/takaonishii/miniforge3/envs/tennisle/lib/python3.9/site-packages/django/template/base.py", line 966, in render_annotated
    return self.render(context)
  File "/Users/takaonishii/miniforge3/envs/tennisle/lib/python3.9/site-packages/django/template/loader_tags.py", line 63, in render
    result = block.nodelist.render(context)
  File "/Users/takaonishii/miniforge3/envs/tennisle/lib/python3.9/site-packages/django/template/base.py", line 1005, in render
    return SafeString("".join([node.render_annotated(context) for node in self]))
  File "/Users/takaonishii/miniforge3/envs/tennisle/lib/python3.9/site-packages/django/template/base.py", line 1005, in <listcomp>
    return SafeString("".join([node.render_annotated(context) for node in self]))
  File "/Users/takaonishii/miniforge3/envs/tennisle/lib/python3.9/site-packages/django/template/base.py", line 966, in render_annotated
    return self.render(context)
  File "/Users/takaonishii/miniforge3/envs/tennisle/lib/python3.9/site-packages/django/template/defaulttags.py", line 238, in render
    nodelist.append(node.render_annotated(context))
  File "/Users/takaonishii/miniforge3/envs/tennisle/lib/python3.9/site-packages/django/template/base.py", line 966, in render_annotated
    return self.render(context)
  File "/Users/takaonishii/miniforge3/envs/tennisle/lib/python3.9/site-packages/django/template/defaulttags.py", line 471, in render
    url = reverse(view_name, args=args, kwargs=kwargs, current_app=current_app)
  File "/Users/takaonishii/miniforge3/envs/tennisle/lib/python3.9/site-packages/django/urls/base.py", line 88, in reverse
    return resolver._reverse_with_prefix(view, prefix, *args, **kwargs)
  File "/Users/takaonishii/miniforge3/envs/tennisle/lib/python3.9/site-packages/django/urls/resolvers.py", line 828, in _reverse_with_prefix
    raise NoReverseMatch(msg)
django.urls.exceptions.NoReverseMatch: Reverse for 'store_list' not found. 'store_list' is not a valid view function or pattern name.
2024-11-16 06:34:09,779 [ERROR] "GET /area/1/ HTTP/1.1" 500 175270
2024-11-16 06:34:18,785 [ERROR] Internal Server Error: /area/1/
Traceback (most recent call last):
  File "/Users/takaonishii/miniforge3/envs/tennisle/lib/python3.9/site-packages/django/core/handlers/exception.py", line 55, in inner
    response = get_response(request)
  File "/Users/takaonishii/miniforge3/envs/tennisle/lib/python3.9/site-packages/django/core/handlers/base.py", line 197, in _get_response
    response = wrapped_callback(request, *callback_args, **callback_kwargs)
  File "/Users/takaonishii/overview/Kyosuke2/kita_lunch/app/views.py", line 55, in area_store_list
    return render(request, "app/store_list.html", context)
  File "/Users/takaonishii/miniforge3/envs/tennisle/lib/python3.9/site-packages/django/shortcuts.py", line 24, in render
    content = loader.render_to_string(template_name, context, request, using=using)
  File "/Users/takaonishii/miniforge3/envs/tennisle/lib/python3.9/site-packages/django/template/loader.py", line 62, in render_to_string
    return template.render(context, request)
  File "/Users/takaonishii/miniforge3/envs/tennisle/lib/python3.9/site-packages/django/template/backends/django.py", line 61, in render
    return self.template.render(context)
  File "/Users/takaonishii/miniforge3/envs/tennisle/lib/python3.9/site-packages/django/template/base.py", line 175, in render
    return self._render(context)
  File "/Users/takaonishii/miniforge3/envs/tennisle/lib/python3.9/site-packages/django/template/base.py", line 167, in _render
    return self.nodelist.render(context)
  File "/Users/takaonishii/miniforge3/envs/tennisle/lib/python3.9/site-packages/django/template/base.py", line 1005, in render
    return SafeString("".join([node.render_annotated(context) for node in self]))
  File "/Users/takaonishii/miniforge3/envs/tennisle/lib/python3.9/site-packages/django/template/base.py", line 1005, in <listcomp>
    return SafeString("".join([node.render_annotated(context) for node in self]))
  File "/Users/takaonishii/miniforge3/envs/tennisle/lib/python3.9/site-packages/django/template/base.py", line 966, in render_annotated
    return self.render(context)
  File "/Users/takaonishii/miniforge3/envs/tennisle/lib/python3.9/site-packages/django/template/loader_tags.py", line 157, in render
    return compiled_parent._render(context)
  File "/Users/takaonishii/miniforge3/envs/tennisle/lib/python3.9/site-packages/django/template/base.py", line 167, in _render
    return self.nodelist.render(context)
  File "/Users/takaonishii/miniforge3/envs/tennisle/lib/python3.9/site-packages/django/template/base.py", line 1005, in render
    return SafeString("".join([node.render_annotated(context) for node in self]))
  File "/Users/takaonishii/miniforge3/envs/tennisle/lib/python3.9/site-packages/django/template/base.py", line 1005, in <listcomp>
    return SafeString("".join([node.render_annotated(context) for node in self]))
  File "/Users/takaonishii/miniforge3/envs/tennisle/lib/python3.9/site-packages/django/template/base.py", line 966, in render_annotated
    return self.render(context)
  File "/Users/takaonishii/miniforge3/envs/tennisle/lib/python3.9/site-packages/django/template/loader_tags.py", line 63, in render
    result = block.nodelist.render(context)
  File "/Users/takaonishii/miniforge3/envs/tennisle/lib/python3.9/site-packages/django/template/base.py", line 1005, in render
    return SafeString("".join([node.render_annotated(context) for node in self]))
  File "/Users/takaonishii/miniforge3/envs/tennisle/lib/python3.9/site-packages/django/template/base.py", line 1005, in <listcomp>
    return SafeString("".join([node.render_annotated(context) for node in self]))
  File "/Users/takaonishii/miniforge3/envs/tennisle/lib/python3.9/site-packages/django/template/base.py", line 966, in render_annotated
    return self.render(context)
  File "/Users/takaonishii/miniforge3/envs/tennisle/lib/python3.9/site-packages/django/template/defaulttags.py", line 238, in render
    nodelist.append(node.render_annotated(context))
  File "/Users/takaonishii/miniforge3/envs/tennisle/lib/python3.9/site-packages/django/template/base.py", line 966, in render_annotated
    return self.render(context)
  File "/Users/takaonishii/miniforge3/envs/tennisle/lib/python3.9/site-packages/django/template/defaulttags.py", line 471, in render
    url = reverse(view_name, args=args, kwargs=kwargs, current_app=current_app)
  File "/Users/takaonishii/miniforge3/envs/tennisle/lib/python3.9/site-packages/django/urls/base.py", line 88, in reverse
    return resolver._reverse_with_prefix(view, prefix, *args, **kwargs)
  File "/Users/takaonishii/miniforge3/envs/tennisle/lib/python3.9/site-packages/django/urls/resolvers.py", line 828, in _reverse_with_prefix
    raise NoReverseMatch(msg)
django.urls.exceptions.NoReverseMatch: Reverse for 'list' with arguments '(1,)' not found. 1 pattern(s) tried: ['Stores/\\Z']
2024-11-16 06:34:18,786 [ERROR] "GET /area/1/ HTTP/1.1" 500 176514
2024-11-16 06:34:46,836 [INFO] "GET /area/1/ HTTP/1.1" 200 2562
2024-11-16 06:35:24,113 [INFO] "GET /area/1/ HTTP/1.1" 200 2722
2024-11-16 06:35:49,117 [INFO] "GET /area/1/ HTTP/1.1" 200 2857
2024-11-16 06:36:42,108 [INFO] "GET /area/1/ HTTP/1.1" 200 2945
2024-11-16 06:36:47,322 [WARNING] Forbidden (CSRF token missing.): /area/1/
2024-11-16 06:36:47,322 [WARNING] "POST /area/1/ HTTP/1.1" 403 2549
2024-11-16 06:36:58,354 [WARNING] Forbidden (CSRF token missing.): /area/1/
2024-11-16 06:36:58,355 [WARNING] "POST /area/1/ HTTP/1.1" 403 2549
2024-11-16 06:37:02,418 [INFO] "GET / HTTP/1.1" 200 2532
2024-11-16 06:37:04,043 [INFO] "GET /area/1/ HTTP/1.1" 200 3071
2024-11-16 06:37:31,364 [INFO] "GET /area/1/ HTTP/1.1" 200 3309
2024-11-16 06:37:58,148 [INFO] "GET /area/1/ HTTP/1.1" 200 3345
2024-11-16 06:38:15,527 [INFO] "GET /area/1/ HTTP/1.1" 200 3352
2024-11-16 06:38:16,051 [INFO] "GET /area/1/ HTTP/1.1" 200 3352
2024-11-16 06:39:16,554 [INFO] "GET /area/1/ HTTP/1.1" 200 3352
2024-11-16 06:39:18,385 [INFO] "GET / HTTP/1.1" 200 2532
2024-11-16 06:39:19,945 [INFO] "GET /area/2/ HTTP/1.1" 200 3007
2024-11-16 06:39:28,393 [INFO] "GET / HTTP/1.1" 200 2532
2024-11-16 06:39:29,613 [INFO] "GET /area/1/ HTTP/1.1" 200 3352
2024-11-16 06:39:56,537 [INFO] "POST /area/1/ HTTP/1.1" 200 3352
2024-11-16 06:39:57,662 [INFO] "POST /area/1/ HTTP/1.1" 200 3352
2024-11-16 06:40:03,949 [INFO] "POST /area/1/ HTTP/1.1" 200 3352
2024-11-16 06:40:11,910 [INFO] "POST /area/1/ HTTP/1.1" 200 3352
2024-11-16 06:40:13,012 [INFO] "POST /area/1/ HTTP/1.1" 200 3352
2024-11-16 06:40:14,177 [INFO] "GET / HTTP/1.1" 200 2532
2024-11-16 06:40:15,182 [INFO] "GET /area/2/ HTTP/1.1" 200 3007
2024-11-16 06:40:16,380 [INFO] "POST /area/2/ HTTP/1.1" 200 3007
2024-11-16 06:40:17,327 [INFO] "POST /area/2/ HTTP/1.1" 200 3007
2024-11-16 06:40:18,011 [INFO] "POST /area/2/ HTTP/1.1" 200 3007
2024-11-16 06:42:01,375 [INFO] /Users/takaonishii/overview/Kyosuke2/kita_lunch/config/urls.py changed, reloading.
2024-11-16 06:42:01,716 [INFO] Watching for file changes with StatReloader
2024-11-16 06:42:20,497 [ERROR] Internal Server Error: /area/2/
Traceback (most recent call last):
  File "/Users/takaonishii/miniforge3/envs/tennisle/lib/python3.9/site-packages/django/core/handlers/exception.py", line 55, in inner
    response = get_response(request)
  File "/Users/takaonishii/miniforge3/envs/tennisle/lib/python3.9/site-packages/django/core/handlers/base.py", line 197, in _get_response
    response = wrapped_callback(request, *callback_args, **callback_kwargs)
  File "/Users/takaonishii/overview/Kyosuke2/kita_lunch/app/views.py", line 55, in area_store_list
    return render(request, "app/store_list.html", context)
  File "/Users/takaonishii/miniforge3/envs/tennisle/lib/python3.9/site-packages/django/shortcuts.py", line 24, in render
    content = loader.render_to_string(template_name, context, request, using=using)
  File "/Users/takaonishii/miniforge3/envs/tennisle/lib/python3.9/site-packages/django/template/loader.py", line 61, in render_to_string
    template = get_template(template_name, using=using)
  File "/Users/takaonishii/miniforge3/envs/tennisle/lib/python3.9/site-packages/django/template/loader.py", line 15, in get_template
    return engine.get_template(template_name)
  File "/Users/takaonishii/miniforge3/envs/tennisle/lib/python3.9/site-packages/django/template/backends/django.py", line 33, in get_template
    return Template(self.engine.get_template(template_name), self)
  File "/Users/takaonishii/miniforge3/envs/tennisle/lib/python3.9/site-packages/django/template/engine.py", line 175, in get_template
    template, origin = self.find_template(template_name)
  File "/Users/takaonishii/miniforge3/envs/tennisle/lib/python3.9/site-packages/django/template/engine.py", line 157, in find_template
    template = loader.get_template(name, skip=skip)
  File "/Users/takaonishii/miniforge3/envs/tennisle/lib/python3.9/site-packages/django/template/loaders/cached.py", line 57, in get_template
    template = super().get_template(template_name, skip)
  File "/Users/takaonishii/miniforge3/envs/tennisle/lib/python3.9/site-packages/django/template/loaders/base.py", line 28, in get_template
    return Template(
  File "/Users/takaonishii/miniforge3/envs/tennisle/lib/python3.9/site-packages/django/template/base.py", line 154, in __init__
    self.nodelist = self.compile_nodelist()
  File "/Users/takaonishii/miniforge3/envs/tennisle/lib/python3.9/site-packages/django/template/base.py", line 200, in compile_nodelist
    return parser.parse()
  File "/Users/takaonishii/miniforge3/envs/tennisle/lib/python3.9/site-packages/django/template/base.py", line 513, in parse
    raise self.error(token, e)
  File "/Users/takaonishii/miniforge3/envs/tennisle/lib/python3.9/site-packages/django/template/base.py", line 511, in parse
    compiled_result = compile_func(self, token)
  File "/Users/takaonishii/miniforge3/envs/tennisle/lib/python3.9/site-packages/django/template/loader_tags.py", line 293, in do_extends
    nodelist = parser.parse()
  File "/Users/takaonishii/miniforge3/envs/tennisle/lib/python3.9/site-packages/django/template/base.py", line 513, in parse
    raise self.error(token, e)
  File "/Users/takaonishii/miniforge3/envs/tennisle/lib/python3.9/site-packages/django/template/base.py", line 511, in parse
    compiled_result = compile_func(self, token)
  File "/Users/takaonishii/miniforge3/envs/tennisle/lib/python3.9/site-packages/django/template/loader_tags.py", line 232, in do_block
    nodelist = parser.parse(("endblock",))
  File "/Users/takaonishii/miniforge3/envs/tennisle/lib/python3.9/site-packages/django/template/base.py", line 513, in parse
    raise self.error(token, e)
  File "/Users/takaonishii/miniforge3/envs/tennisle/lib/python3.9/site-packages/django/template/base.py", line 511, in parse
    compiled_result = compile_func(self, token)
  File "/Users/takaonishii/miniforge3/envs/tennisle/lib/python3.9/site-packages/django/template/defaulttags.py", line 1389, in url
    args.append(parser.compile_filter(value))
  File "/Users/takaonishii/miniforge3/envs/tennisle/lib/python3.9/site-packages/django/template/base.py", line 600, in compile_filter
    return FilterExpression(token, self)
  File "/Users/takaonishii/miniforge3/envs/tennisle/lib/python3.9/site-packages/django/template/base.py", line 703, in __init__
    raise TemplateSyntaxError(
django.template.exceptions.TemplateSyntaxError: Could not parse the remainder: '{{' from '{{'
2024-11-16 06:42:20,499 [ERROR] "POST /area/2/ HTTP/1.1" 500 199327
2024-11-16 06:42:47,184 [ERROR] Internal Server Error: /area/2/
Traceback (most recent call last):
  File "/Users/takaonishii/miniforge3/envs/tennisle/lib/python3.9/site-packages/django/core/handlers/exception.py", line 55, in inner
    response = get_response(request)
  File "/Users/takaonishii/miniforge3/envs/tennisle/lib/python3.9/site-packages/django/core/handlers/base.py", line 197, in _get_response
    response = wrapped_callback(request, *callback_args, **callback_kwargs)
  File "/Users/takaonishii/overview/Kyosuke2/kita_lunch/app/views.py", line 55, in area_store_list
    return render(request, "app/store_list.html", context)
  File "/Users/takaonishii/miniforge3/envs/tennisle/lib/python3.9/site-packages/django/shortcuts.py", line 24, in render
    content = loader.render_to_string(template_name, context, request, using=using)
  File "/Users/takaonishii/miniforge3/envs/tennisle/lib/python3.9/site-packages/django/template/loader.py", line 62, in render_to_string
    return template.render(context, request)
  File "/Users/takaonishii/miniforge3/envs/tennisle/lib/python3.9/site-packages/django/template/backends/django.py", line 61, in render
    return self.template.render(context)
  File "/Users/takaonishii/miniforge3/envs/tennisle/lib/python3.9/site-packages/django/template/base.py", line 175, in render
    return self._render(context)
  File "/Users/takaonishii/miniforge3/envs/tennisle/lib/python3.9/site-packages/django/template/base.py", line 167, in _render
    return self.nodelist.render(context)
  File "/Users/takaonishii/miniforge3/envs/tennisle/lib/python3.9/site-packages/django/template/base.py", line 1005, in render
    return SafeString("".join([node.render_annotated(context) for node in self]))
  File "/Users/takaonishii/miniforge3/envs/tennisle/lib/python3.9/site-packages/django/template/base.py", line 1005, in <listcomp>
    return SafeString("".join([node.render_annotated(context) for node in self]))
  File "/Users/takaonishii/miniforge3/envs/tennisle/lib/python3.9/site-packages/django/template/base.py", line 966, in render_annotated
    return self.render(context)
  File "/Users/takaonishii/miniforge3/envs/tennisle/lib/python3.9/site-packages/django/template/loader_tags.py", line 157, in render
    return compiled_parent._render(context)
  File "/Users/takaonishii/miniforge3/envs/tennisle/lib/python3.9/site-packages/django/template/base.py", line 167, in _render
    return self.nodelist.render(context)
  File "/Users/takaonishii/miniforge3/envs/tennisle/lib/python3.9/site-packages/django/template/base.py", line 1005, in render
    return SafeString("".join([node.render_annotated(context) for node in self]))
  File "/Users/takaonishii/miniforge3/envs/tennisle/lib/python3.9/site-packages/django/template/base.py", line 1005, in <listcomp>
    return SafeString("".join([node.render_annotated(context) for node in self]))
  File "/Users/takaonishii/miniforge3/envs/tennisle/lib/python3.9/site-packages/django/template/base.py", line 966, in render_annotated
    return self.render(context)
  File "/Users/takaonishii/miniforge3/envs/tennisle/lib/python3.9/site-packages/django/template/loader_tags.py", line 63, in render
    result = block.nodelist.render(context)
  File "/Users/takaonishii/miniforge3/envs/tennisle/lib/python3.9/site-packages/django/template/base.py", line 1005, in render
    return SafeString("".join([node.render_annotated(context) for node in self]))
  File "/Users/takaonishii/miniforge3/envs/tennisle/lib/python3.9/site-packages/django/template/base.py", line 1005, in <listcomp>
    return SafeString("".join([node.render_annotated(context) for node in self]))
  File "/Users/takaonishii/miniforge3/envs/tennisle/lib/python3.9/site-packages/django/template/base.py", line 966, in render_annotated
    return self.render(context)
  File "/Users/takaonishii/miniforge3/envs/tennisle/lib/python3.9/site-packages/django/template/defaulttags.py", line 471, in render
    url = reverse(view_name, args=args, kwargs=kwargs, current_app=current_app)
  File "/Users/takaonishii/miniforge3/envs/tennisle/lib/python3.9/site-packages/django/urls/base.py", line 88, in reverse
    return resolver._reverse_with_prefix(view, prefix, *args, **kwargs)
  File "/Users/takaonishii/miniforge3/envs/tennisle/lib/python3.9/site-packages/django/urls/resolvers.py", line 828, in _reverse_with_prefix
    raise NoReverseMatch(msg)
django.urls.exceptions.NoReverseMatch: Reverse for 'area_store_list' with arguments '('',)' not found. 1 pattern(s) tried: ['area/(?P<area_id>[0-9]+)/\\Z']
2024-11-16 06:42:47,185 [ERROR] "POST /area/2/ HTTP/1.1" 500 168928
2024-11-16 06:44:21,420 [INFO] "POST /area/2/ HTTP/1.1" 200 3015
2024-11-16 06:44:23,691 [INFO] "POST /area/2/ HTTP/1.1" 200 3015
2024-11-16 06:44:26,359 [INFO] "POST /area/2/ HTTP/1.1" 200 3015
2024-11-16 06:44:30,709 [INFO] "POST /area/2/ HTTP/1.1" 200 3015
2024-11-16 06:44:31,194 [INFO] "POST /area/2/ HTTP/1.1" 200 3015
2024-11-16 06:48:28,507 [INFO] /Users/takaonishii/overview/Kyosuke2/kita_lunch/app/views.py changed, reloading.
2024-11-16 06:48:28,854 [INFO] Watching for file changes with StatReloader
2024-11-16 06:49:22,004 [ERROR] Internal Server Error: /
Traceback (most recent call last):
  File "/Users/takaonishii/miniforge3/envs/tennisle/lib/python3.9/site-packages/django/core/handlers/exception.py", line 55, in inner
    response = get_response(request)
  File "/Users/takaonishii/miniforge3/envs/tennisle/lib/python3.9/site-packages/django/core/handlers/base.py", line 220, in _get_response
    response = response.render()
  File "/Users/takaonishii/miniforge3/envs/tennisle/lib/python3.9/site-packages/django/template/response.py", line 114, in render
    self.content = self.rendered_content
  File "/Users/takaonishii/miniforge3/envs/tennisle/lib/python3.9/site-packages/django/template/response.py", line 92, in rendered_content
    return template.render(context, self._request)
  File "/Users/takaonishii/miniforge3/envs/tennisle/lib/python3.9/site-packages/django/template/backends/django.py", line 61, in render
    return self.template.render(context)
  File "/Users/takaonishii/miniforge3/envs/tennisle/lib/python3.9/site-packages/django/template/base.py", line 175, in render
    return self._render(context)
  File "/Users/takaonishii/miniforge3/envs/tennisle/lib/python3.9/site-packages/django/template/base.py", line 167, in _render
    return self.nodelist.render(context)
  File "/Users/takaonishii/miniforge3/envs/tennisle/lib/python3.9/site-packages/django/template/base.py", line 1005, in render
    return SafeString("".join([node.render_annotated(context) for node in self]))
  File "/Users/takaonishii/miniforge3/envs/tennisle/lib/python3.9/site-packages/django/template/base.py", line 1005, in <listcomp>
    return SafeString("".join([node.render_annotated(context) for node in self]))
  File "/Users/takaonishii/miniforge3/envs/tennisle/lib/python3.9/site-packages/django/template/base.py", line 966, in render_annotated
    return self.render(context)
  File "/Users/takaonishii/miniforge3/envs/tennisle/lib/python3.9/site-packages/django/template/loader_tags.py", line 157, in render
    return compiled_parent._render(context)
  File "/Users/takaonishii/miniforge3/envs/tennisle/lib/python3.9/site-packages/django/template/base.py", line 167, in _render
    return self.nodelist.render(context)
  File "/Users/takaonishii/miniforge3/envs/tennisle/lib/python3.9/site-packages/django/template/base.py", line 1005, in render
    return SafeString("".join([node.render_annotated(context) for node in self]))
  File "/Users/takaonishii/miniforge3/envs/tennisle/lib/python3.9/site-packages/django/template/base.py", line 1005, in <listcomp>
    return SafeString("".join([node.render_annotated(context) for node in self]))
  File "/Users/takaonishii/miniforge3/envs/tennisle/lib/python3.9/site-packages/django/template/base.py", line 966, in render_annotated
    return self.render(context)
  File "/Users/takaonishii/miniforge3/envs/tennisle/lib/python3.9/site-packages/django/template/loader_tags.py", line 63, in render
    result = block.nodelist.render(context)
  File "/Users/takaonishii/miniforge3/envs/tennisle/lib/python3.9/site-packages/django/template/base.py", line 1005, in render
    return SafeString("".join([node.render_annotated(context) for node in self]))
  File "/Users/takaonishii/miniforge3/envs/tennisle/lib/python3.9/site-packages/django/template/base.py", line 1005, in <listcomp>
    return SafeString("".join([node.render_annotated(context) for node in self]))
  File "/Users/takaonishii/miniforge3/envs/tennisle/lib/python3.9/site-packages/django/template/base.py", line 966, in render_annotated
    return self.render(context)
  File "/Users/takaonishii/miniforge3/envs/tennisle/lib/python3.9/site-packages/django/template/defaulttags.py", line 238, in render
    nodelist.append(node.render_annotated(context))
  File "/Users/takaonishii/miniforge3/envs/tennisle/lib/python3.9/site-packages/django/template/base.py", line 966, in render_annotated
    return self.render(context)
  File "/Users/takaonishii/miniforge3/envs/tennisle/lib/python3.9/site-packages/django/template/defaulttags.py", line 471, in render
    url = reverse(view_name, args=args, kwargs=kwargs, current_app=current_app)
  File "/Users/takaonishii/miniforge3/envs/tennisle/lib/python3.9/site-packages/django/urls/base.py", line 88, in reverse
    return resolver._reverse_with_prefix(view, prefix, *args, **kwargs)
  File "/Users/takaonishii/miniforge3/envs/tennisle/lib/python3.9/site-packages/django/urls/resolvers.py", line 828, in _reverse_with_prefix
    raise NoReverseMatch(msg)
django.urls.exceptions.NoReverseMatch: Reverse for 'area_detail' not found. 'area_detail' is not a valid view function or pattern name.
2024-11-16 06:49:22,006 [ERROR] "GET / HTTP/1.1" 500 167813
2024-11-16 06:49:32,907 [ERROR] Internal Server Error: /
Traceback (most recent call last):
  File "/Users/takaonishii/miniforge3/envs/tennisle/lib/python3.9/site-packages/django/core/handlers/exception.py", line 55, in inner
    response = get_response(request)
  File "/Users/takaonishii/miniforge3/envs/tennisle/lib/python3.9/site-packages/django/core/handlers/base.py", line 220, in _get_response
    response = response.render()
  File "/Users/takaonishii/miniforge3/envs/tennisle/lib/python3.9/site-packages/django/template/response.py", line 114, in render
    self.content = self.rendered_content
  File "/Users/takaonishii/miniforge3/envs/tennisle/lib/python3.9/site-packages/django/template/response.py", line 92, in rendered_content
    return template.render(context, self._request)
  File "/Users/takaonishii/miniforge3/envs/tennisle/lib/python3.9/site-packages/django/template/backends/django.py", line 61, in render
    return self.template.render(context)
  File "/Users/takaonishii/miniforge3/envs/tennisle/lib/python3.9/site-packages/django/template/base.py", line 175, in render
    return self._render(context)
  File "/Users/takaonishii/miniforge3/envs/tennisle/lib/python3.9/site-packages/django/template/base.py", line 167, in _render
    return self.nodelist.render(context)
  File "/Users/takaonishii/miniforge3/envs/tennisle/lib/python3.9/site-packages/django/template/base.py", line 1005, in render
    return SafeString("".join([node.render_annotated(context) for node in self]))
  File "/Users/takaonishii/miniforge3/envs/tennisle/lib/python3.9/site-packages/django/template/base.py", line 1005, in <listcomp>
    return SafeString("".join([node.render_annotated(context) for node in self]))
  File "/Users/takaonishii/miniforge3/envs/tennisle/lib/python3.9/site-packages/django/template/base.py", line 966, in render_annotated
    return self.render(context)
  File "/Users/takaonishii/miniforge3/envs/tennisle/lib/python3.9/site-packages/django/template/loader_tags.py", line 157, in render
    return compiled_parent._render(context)
  File "/Users/takaonishii/miniforge3/envs/tennisle/lib/python3.9/site-packages/django/template/base.py", line 167, in _render
    return self.nodelist.render(context)
  File "/Users/takaonishii/miniforge3/envs/tennisle/lib/python3.9/site-packages/django/template/base.py", line 1005, in render
    return SafeString("".join([node.render_annotated(context) for node in self]))
  File "/Users/takaonishii/miniforge3/envs/tennisle/lib/python3.9/site-packages/django/template/base.py", line 1005, in <listcomp>
    return SafeString("".join([node.render_annotated(context) for node in self]))
  File "/Users/takaonishii/miniforge3/envs/tennisle/lib/python3.9/site-packages/django/template/base.py", line 966, in render_annotated
    return self.render(context)
  File "/Users/takaonishii/miniforge3/envs/tennisle/lib/python3.9/site-packages/django/template/loader_tags.py", line 63, in render
    result = block.nodelist.render(context)
  File "/Users/takaonishii/miniforge3/envs/tennisle/lib/python3.9/site-packages/django/template/base.py", line 1005, in render
    return SafeString("".join([node.render_annotated(context) for node in self]))
  File "/Users/takaonishii/miniforge3/envs/tennisle/lib/python3.9/site-packages/django/template/base.py", line 1005, in <listcomp>
    return SafeString("".join([node.render_annotated(context) for node in self]))
  File "/Users/takaonishii/miniforge3/envs/tennisle/lib/python3.9/site-packages/django/template/base.py", line 966, in render_annotated
    return self.render(context)
  File "/Users/takaonishii/miniforge3/envs/tennisle/lib/python3.9/site-packages/django/template/defaulttags.py", line 238, in render
    nodelist.append(node.render_annotated(context))
  File "/Users/takaonishii/miniforge3/envs/tennisle/lib/python3.9/site-packages/django/template/base.py", line 966, in render_annotated
    return self.render(context)
  File "/Users/takaonishii/miniforge3/envs/tennisle/lib/python3.9/site-packages/django/template/defaulttags.py", line 471, in render
    url = reverse(view_name, args=args, kwargs=kwargs, current_app=current_app)
  File "/Users/takaonishii/miniforge3/envs/tennisle/lib/python3.9/site-packages/django/urls/base.py", line 88, in reverse
    return resolver._reverse_with_prefix(view, prefix, *args, **kwargs)
  File "/Users/takaonishii/miniforge3/envs/tennisle/lib/python3.9/site-packages/django/urls/resolvers.py", line 828, in _reverse_with_prefix
    raise NoReverseMatch(msg)
django.urls.exceptions.NoReverseMatch: Reverse for 'area_detail' not found. 'area_detail' is not a valid view function or pattern name.
2024-11-16 06:49:32,908 [ERROR] "GET / HTTP/1.1" 500 167792
2024-11-16 06:49:36,371 [ERROR] Internal Server Error: /
Traceback (most recent call last):
  File "/Users/takaonishii/miniforge3/envs/tennisle/lib/python3.9/site-packages/django/core/handlers/exception.py", line 55, in inner
    response = get_response(request)
  File "/Users/takaonishii/miniforge3/envs/tennisle/lib/python3.9/site-packages/django/core/handlers/base.py", line 220, in _get_response
    response = response.render()
  File "/Users/takaonishii/miniforge3/envs/tennisle/lib/python3.9/site-packages/django/template/response.py", line 114, in render
    self.content = self.rendered_content
  File "/Users/takaonishii/miniforge3/envs/tennisle/lib/python3.9/site-packages/django/template/response.py", line 92, in rendered_content
    return template.render(context, self._request)
  File "/Users/takaonishii/miniforge3/envs/tennisle/lib/python3.9/site-packages/django/template/backends/django.py", line 61, in render
    return self.template.render(context)
  File "/Users/takaonishii/miniforge3/envs/tennisle/lib/python3.9/site-packages/django/template/base.py", line 175, in render
    return self._render(context)
  File "/Users/takaonishii/miniforge3/envs/tennisle/lib/python3.9/site-packages/django/template/base.py", line 167, in _render
    return self.nodelist.render(context)
  File "/Users/takaonishii/miniforge3/envs/tennisle/lib/python3.9/site-packages/django/template/base.py", line 1005, in render
    return SafeString("".join([node.render_annotated(context) for node in self]))
  File "/Users/takaonishii/miniforge3/envs/tennisle/lib/python3.9/site-packages/django/template/base.py", line 1005, in <listcomp>
    return SafeString("".join([node.render_annotated(context) for node in self]))
  File "/Users/takaonishii/miniforge3/envs/tennisle/lib/python3.9/site-packages/django/template/base.py", line 966, in render_annotated
    return self.render(context)
  File "/Users/takaonishii/miniforge3/envs/tennisle/lib/python3.9/site-packages/django/template/loader_tags.py", line 157, in render
    return compiled_parent._render(context)
  File "/Users/takaonishii/miniforge3/envs/tennisle/lib/python3.9/site-packages/django/template/base.py", line 167, in _render
    return self.nodelist.render(context)
  File "/Users/takaonishii/miniforge3/envs/tennisle/lib/python3.9/site-packages/django/template/base.py", line 1005, in render
    return SafeString("".join([node.render_annotated(context) for node in self]))
  File "/Users/takaonishii/miniforge3/envs/tennisle/lib/python3.9/site-packages/django/template/base.py", line 1005, in <listcomp>
    return SafeString("".join([node.render_annotated(context) for node in self]))
  File "/Users/takaonishii/miniforge3/envs/tennisle/lib/python3.9/site-packages/django/template/base.py", line 966, in render_annotated
    return self.render(context)
  File "/Users/takaonishii/miniforge3/envs/tennisle/lib/python3.9/site-packages/django/template/loader_tags.py", line 63, in render
    result = block.nodelist.render(context)
  File "/Users/takaonishii/miniforge3/envs/tennisle/lib/python3.9/site-packages/django/template/base.py", line 1005, in render
    return SafeString("".join([node.render_annotated(context) for node in self]))
  File "/Users/takaonishii/miniforge3/envs/tennisle/lib/python3.9/site-packages/django/template/base.py", line 1005, in <listcomp>
    return SafeString("".join([node.render_annotated(context) for node in self]))
  File "/Users/takaonishii/miniforge3/envs/tennisle/lib/python3.9/site-packages/django/template/base.py", line 966, in render_annotated
    return self.render(context)
  File "/Users/takaonishii/miniforge3/envs/tennisle/lib/python3.9/site-packages/django/template/defaulttags.py", line 238, in render
    nodelist.append(node.render_annotated(context))
  File "/Users/takaonishii/miniforge3/envs/tennisle/lib/python3.9/site-packages/django/template/base.py", line 966, in render_annotated
    return self.render(context)
  File "/Users/takaonishii/miniforge3/envs/tennisle/lib/python3.9/site-packages/django/template/defaulttags.py", line 471, in render
    url = reverse(view_name, args=args, kwargs=kwargs, current_app=current_app)
  File "/Users/takaonishii/miniforge3/envs/tennisle/lib/python3.9/site-packages/django/urls/base.py", line 88, in reverse
    return resolver._reverse_with_prefix(view, prefix, *args, **kwargs)
  File "/Users/takaonishii/miniforge3/envs/tennisle/lib/python3.9/site-packages/django/urls/resolvers.py", line 828, in _reverse_with_prefix
    raise NoReverseMatch(msg)
django.urls.exceptions.NoReverseMatch: Reverse for 'area_detail' not found. 'area_detail' is not a valid view function or pattern name.
2024-11-16 06:49:36,372 [ERROR] "GET / HTTP/1.1" 500 167792
2024-11-16 06:50:16,546 [INFO] "GET / HTTP/1.1" 200 2532
2024-11-16 06:50:17,899 [INFO] "GET /area/1/ HTTP/1.1" 200 3865
2024-11-16 06:50:21,289 [INFO] "POST /area/1/ HTTP/1.1" 200 3865
2024-11-16 06:50:54,990 [INFO] /Users/takaonishii/overview/Kyosuke2/kita_lunch/app/views.py changed, reloading.
2024-11-16 06:50:55,318 [INFO] Watching for file changes with StatReloader
2024-11-16 06:50:59,820 [INFO] "POST /area/1/ HTTP/1.1" 200 3865
2024-11-16 06:51:38,609 [INFO] "POST /area/1/ HTTP/1.1" 200 3870
2024-11-16 06:51:40,146 [INFO] "POST /area/1/ HTTP/1.1" 200 3870
2024-11-16 06:51:44,085 [INFO] "POST /area/1/ HTTP/1.1" 200 3870
2024-11-16 06:51:47,647 [INFO] "POST /area/1/ HTTP/1.1" 200 3870
2024-11-16 06:52:02,694 [INFO] "POST /area/1/ HTTP/1.1" 200 3870
2024-11-16 06:52:04,681 [INFO] "POST /area/1/ HTTP/1.1" 200 3870
2024-11-16 06:52:45,550 [INFO] "POST /area/1/ HTTP/1.1" 200 3884
2024-11-16 06:52:46,932 [INFO] "POST /area/1/ HTTP/1.1" 200 3884
2024-11-16 06:52:48,225 [INFO] "POST /area/1/ HTTP/1.1" 200 3877
2024-11-16 06:52:49,995 [INFO] "POST /area/1/ HTTP/1.1" 200 3884
2024-11-16 06:52:50,930 [INFO] "POST /area/1/ HTTP/1.1" 200 3891
2024-11-16 06:53:03,369 [INFO] "POST /area/1/ HTTP/1.1" 200 3884
2024-11-16 06:53:08,931 [INFO] "GET / HTTP/1.1" 200 2532
2024-11-16 06:53:10,102 [INFO] "GET /area/1/ HTTP/1.1" 200 3870
2024-11-16 06:53:33,730 [INFO] /Users/takaonishii/overview/Kyosuke2/kita_lunch/app/views.py changed, reloading.
2024-11-16 06:53:34,067 [INFO] Watching for file changes with StatReloader
2024-11-16 06:53:43,631 [INFO] "GET / HTTP/1.1" 200 2532
2024-11-16 06:53:45,250 [INFO] "GET /area/1/ HTTP/1.1" 200 3870
2024-11-16 06:53:49,368 [INFO] "POST /area/1/ HTTP/1.1" 200 3884
